platforms/android/app/build/outputs/logs/manifest-merger-debug-report.txt
-- Merging decision tree log ---
manifest
ADDED from src\main\AndroidManifest.xml:2:1-35:12
INJECTED from src\main\AndroidManifest.xml:2:1-35:12
INJECTED from src\main\AndroidManifest.xml:2:1-35:12
INJECTED from src\main\AndroidManifest.xml:2:1-35:12
MERGED from [me.leolin:ShortcutBadger:1.1.4] AndroidManifest.xml:2:1-35:12
MERGED from [com.google.firebase:firebase-crash:11.8.0] AndroidManifest.xml:17:1-27:12
MERGED from [com.google.firebase:firebase-auth:11.8.0] AndroidManifest.xml:17:1-32:12
MERGED from [com.google.android.gms:play-services-tagmanager:11.8.0] AndroidManifest.xml:17:1-22:12
MERGED from [com.google.firebase:firebase-core:11.8.0] AndroidManifest.xml:2:1-6:12
MERGED from [com.google.firebase:firebase-messaging:11.8.0] AndroidManifest.xml:17:1-37:12
MERGED from [com.google.firebase:firebase-config:11.8.0] AndroidManifest.xml:17:1-24:12
MERGED from [com.google.android.gms:play-services-maps:11.8.0] AndroidManifest.xml:17:1-32:12
MERGED from [com.google.android.gms:play-services-location:11.8.0] AndroidManifest.xml:2:1-9:12
MERGED from [:CordovaLib] AndroidManifest.xml:20:1-27:12
MERGED from [com.google.android.gms:play-services-tagmanager-api:11.8.0] AndroidManifest.xml:17:1-47:12
MERGED from [com.google.firebase:firebase-analytics:11.8.0] AndroidManifest.xml:17:1-54:12
MERGED from [com.google.firebase:firebase-analytics-impl:11.8.0] AndroidManifest.xml:17:1-40:12
MERGED from [com.google.firebase:firebase-iid:11.8.0] AndroidManifest.xml:17:1-59:12
MERGED from [com.google.firebase:firebase-common:11.8.0] AndroidManifest.xml:2:1-15:12
MERGED from [com.google.android.gms:play-services-analytics-impl:11.8.0] AndroidManifest.xml:17:1-31:12
MERGED from [com.google.android.gms:play-services-base:11.8.0] AndroidManifest.xml:17:1-29:12
MERGED from [com.google.android.gms:play-services-tasks:11.8.0] AndroidManifest.xml:2:1-9:12
MERGED from [com.google.android.gms:play-services-basement:11.8.0] AndroidManifest.xml:17:1-28:12
MERGED from [com.google.firebase:firebase-crash-license:11.8.0] AndroidManifest.xml:2:1-6:12
MERGED from [com.google.firebase:firebase-auth-license:11.8.0] AndroidManifest.xml:2:1-6:12
MERGED from [com.google.android.gms:play-services-tagmanager-license:11.8.0] AndroidManifest.xml:2:1-6:12
MERGED from [com.google.firebase:firebase-messaging-license:11.8.0] AndroidManifest.xml:2:1-6:12
MERGED from [com.google.firebase:firebase-config-license:11.8.0] AndroidManifest.xml:2:1-6:12
MERGED from [com.google.android.gms:play-services-maps-license:11.8.0] AndroidManifest.xml:2:1-6:12
MERGED from [com.google.android.gms:play-services-location-license:11.8.0] AndroidManifest.xml:2:1-6:12
MERGED from [com.android.support:support-v4:25.2.0] AndroidManifest.xml:17:1-27:12
MERGED from [com.google.android.gms:play-services-basement-license:11.8.0] AndroidManifest.xml:2:1-6:12
MERGED from [com.google.firebase:firebase-iid-license:11.8.0] AndroidManifest.xml:2:1-6:12
MERGED from [com.google.firebase:firebase-common-license:11.8.0] AndroidManifest.xml:2:1-6:12
MERGED from [com.google.firebase:firebase-analytics-license:11.8.0] AndroidManifest.xml:2:1-6:12
MERGED from [com.google.android.gms:play-services-base-license:11.8.0] AndroidManifest.xml:2:1-6:12
MERGED from [com.google.android.gms:play-services-tasks-license:11.8.0] AndroidManifest.xml:2:1-6:12
MERGED from [com.google.android.gms:play-services-analytics-impl-license:11.8.0] AndroidManifest.xml:2:1-6:12
MERGED from [com.google.android.gms:play-services-tagmanager-api-license:11.8.0] AndroidManifest.xml:2:1-6:12
MERGED from [com.android.support:support-fragment:25.2.0] AndroidManifest.xml:17:1-27:12
MERGED from [com.android.support:support-media-compat:25.2.0] AndroidManifest.xml:17:1-27:12
MERGED from [com.android.support:support-core-utils:25.2.0] AndroidManifest.xml:17:1-27:12
MERGED from [com.android.support:support-core-ui:25.2.0] AndroidManifest.xml:17:1-27:12
MERGED from [com.android.support:support-compat:25.2.0] AndroidManifest.xml:17:1-27:12
MERGED from [com.google.firebase:firebase-analytics-impl-license:11.8.0] AndroidManifest.xml:2:1-6:12
INJECTED from src\main\AndroidManifest.xml:2:1-35:12
INJECTED from src\main\AndroidManifest.xml:2:1-35:12
INJECTED from src\main\AndroidManifest.xml:2:1-35:12
	package
		ADDED from src\main\AndroidManifest.xml:2:98-131
		INJECTED from src\main\AndroidManifest.xml
		INJECTED from src\main\AndroidManifest.xml
	android:versionName
		ADDED from src\main\AndroidManifest.xml:2:70-97
		INJECTED from src\main\AndroidManifest.xml
		INJECTED from src\main\AndroidManifest.xml
	android:hardwareAccelerated
		ADDED from src\main\AndroidManifest.xml:2:11-45
	xmlns:android
		ADDED from src\main\AndroidManifest.xml:2:132-190
	android:versionCode
		ADDED from src\main\AndroidManifest.xml:2:46-69
		INJECTED from src\main\AndroidManifest.xml
		INJECTED from src\main\AndroidManifest.xml
supports-screens
ADDED from src\main\AndroidManifest.xml:3:5-191
	android:largeScreens
		ADDED from src\main\AndroidManifest.xml:3:49-76
	android:smallScreens
		ADDED from src\main\AndroidManifest.xml:3:132-159
	android:normalScreens
		ADDED from src\main\AndroidManifest.xml:3:77-105
	android:xlargeScreens
		ADDED from src\main\AndroidManifest.xml:3:160-188
	android:resizeable
		ADDED from src\main\AndroidManifest.xml:3:106-131
	android:anyDensity
		ADDED from src\main\AndroidManifest.xml:3:23-48
uses-permission#android.permission.INTERNET
ADDED from src\main\AndroidManifest.xml:4:5-67
MERGED from [com.google.firebase:firebase-crash:11.8.0] AndroidManifest.xml:22:5-67
MERGED from [com.google.firebase:firebase-crash:11.8.0] AndroidManifest.xml:22:5-67
MERGED from [com.google.android.gms:play-services-maps:11.8.0] AndroidManifest.xml:24:5-67
MERGED from [com.google.android.gms:play-services-maps:11.8.0] AndroidManifest.xml:24:5-67
MERGED from [com.google.android.gms:play-services-tagmanager-api:11.8.0] AndroidManifest.xml:23:5-67
MERGED from [com.google.android.gms:play-services-tagmanager-api:11.8.0] AndroidManifest.xml:23:5-67
MERGED from [com.google.firebase:firebase-analytics:11.8.0] AndroidManifest.xml:23:5-67
MERGED from [com.google.firebase:firebase-analytics:11.8.0] AndroidManifest.xml:23:5-67
MERGED from [com.google.firebase:firebase-analytics-impl:11.8.0] AndroidManifest.xml:23:5-67
MERGED from [com.google.firebase:firebase-analytics-impl:11.8.0] AndroidManifest.xml:23:5-67
MERGED from [com.google.firebase:firebase-iid:11.8.0] AndroidManifest.xml:23:5-67
MERGED from [com.google.firebase:firebase-iid:11.8.0] AndroidManifest.xml:23:5-67
MERGED from [com.google.android.gms:play-services-analytics-impl:11.8.0] AndroidManifest.xml:23:5-67
MERGED from [com.google.android.gms:play-services-analytics-impl:11.8.0] AndroidManifest.xml:23:5-67
	android:name
		ADDED from src\main\AndroidManifest.xml:4:22-64
application
ADDED from src\main\AndroidManifest.xml:5:5-26:19
MERGED from [com.google.firebase:firebase-crash:11.8.0] AndroidManifest.xml:24:5-25:19
MERGED from [com.google.firebase:firebase-crash:11.8.0] AndroidManifest.xml:24:5-25:19
MERGED from [com.google.firebase:firebase-auth:11.8.0] AndroidManifest.xml:22:5-30:19
MERGED from [com.google.firebase:firebase-auth:11.8.0] AndroidManifest.xml:22:5-30:19
MERGED from [com.google.firebase:firebase-core:11.8.0] AndroidManifest.xml:5:5-20
MERGED from [com.google.firebase:firebase-core:11.8.0] AndroidManifest.xml:5:5-20
MERGED from [com.google.firebase:firebase-messaging:11.8.0] AndroidManifest.xml:22:5-35:19
MERGED from [com.google.firebase:firebase-messaging:11.8.0] AndroidManifest.xml:22:5-35:19
MERGED from [com.google.firebase:firebase-config:11.8.0] AndroidManifest.xml:22:5-20
MERGED from [com.google.firebase:firebase-config:11.8.0] AndroidManifest.xml:22:5-20
MERGED from [com.google.android.gms:play-services-maps:11.8.0] AndroidManifest.xml:30:5-20
MERGED from [com.google.android.gms:play-services-maps:11.8.0] AndroidManifest.xml:30:5-20
MERGED from [com.google.android.gms:play-services-location:11.8.0] AndroidManifest.xml:7:5-20
MERGED from [com.google.android.gms:play-services-location:11.8.0] AndroidManifest.xml:7:5-20
MERGED from [com.google.android.gms:play-services-tagmanager-api:11.8.0] AndroidManifest.xml:26:5-45:19
MERGED from [com.google.android.gms:play-services-tagmanager-api:11.8.0] AndroidManifest.xml:26:5-45:19
MERGED from [com.google.firebase:firebase-analytics:11.8.0] AndroidManifest.xml:27:5-52:19
MERGED from [com.google.firebase:firebase-analytics:11.8.0] AndroidManifest.xml:27:5-52:19
MERGED from [com.google.firebase:firebase-analytics-impl:11.8.0] AndroidManifest.xml:27:5-38:19
MERGED from [com.google.firebase:firebase-analytics-impl:11.8.0] AndroidManifest.xml:27:5-38:19
MERGED from [com.google.firebase:firebase-iid:11.8.0] AndroidManifest.xml:34:5-57:19
MERGED from [com.google.firebase:firebase-iid:11.8.0] AndroidManifest.xml:34:5-57:19
MERGED from [com.google.firebase:firebase-common:11.8.0] AndroidManifest.xml:7:5-13:19
MERGED from [com.google.firebase:firebase-common:11.8.0] AndroidManifest.xml:7:5-13:19
MERGED from [com.google.android.gms:play-services-analytics-impl:11.8.0] AndroidManifest.xml:29:5-20
MERGED from [com.google.android.gms:play-services-analytics-impl:11.8.0] AndroidManifest.xml:29:5-20
MERGED from [com.google.android.gms:play-services-base:11.8.0] AndroidManifest.xml:22:5-27:19
MERGED from [com.google.android.gms:play-services-base:11.8.0] AndroidManifest.xml:22:5-27:19
MERGED from [com.google.android.gms:play-services-tasks:11.8.0] AndroidManifest.xml:7:5-20
MERGED from [com.google.android.gms:play-services-tasks:11.8.0] AndroidManifest.xml:7:5-20
MERGED from [com.google.android.gms:play-services-basement:11.8.0] AndroidManifest.xml:22:5-26:19
MERGED from [com.google.android.gms:play-services-basement:11.8.0] AndroidManifest.xml:22:5-26:19
MERGED from [com.google.firebase:firebase-crash-license:11.8.0] AndroidManifest.xml:5:5-20
MERGED from [com.google.firebase:firebase-crash-license:11.8.0] AndroidManifest.xml:5:5-20
MERGED from [com.google.firebase:firebase-auth-license:11.8.0] AndroidManifest.xml:5:5-20
MERGED from [com.google.firebase:firebase-auth-license:11.8.0] AndroidManifest.xml:5:5-20
MERGED from [com.google.android.gms:play-services-tagmanager-license:11.8.0] AndroidManifest.xml:5:5-20
MERGED from [com.google.android.gms:play-services-tagmanager-license:11.8.0] AndroidManifest.xml:5:5-20
MERGED from [com.google.firebase:firebase-messaging-license:11.8.0] AndroidManifest.xml:5:5-20
MERGED from [com.google.firebase:firebase-messaging-license:11.8.0] AndroidManifest.xml:5:5-20
MERGED from [com.google.firebase:firebase-config-license:11.8.0] AndroidManifest.xml:5:5-20
MERGED from [com.google.firebase:firebase-config-license:11.8.0] AndroidManifest.xml:5:5-20
MERGED from [com.google.android.gms:play-services-maps-license:11.8.0] AndroidManifest.xml:5:5-20
MERGED from [com.google.android.gms:play-services-maps-license:11.8.0] AndroidManifest.xml:5:5-20
MERGED from [com.google.android.gms:play-services-location-license:11.8.0] AndroidManifest.xml:5:5-20
MERGED from [com.google.android.gms:play-services-location-license:11.8.0] AndroidManifest.xml:5:5-20
MERGED from [com.android.support:support-v4:25.2.0] AndroidManifest.xml:25:5-20
MERGED from [com.android.support:support-v4:25.2.0] AndroidManifest.xml:25:5-20
MERGED from [com.google.android.gms:play-services-basement-license:11.8.0] AndroidManifest.xml:5:5-20
MERGED from [com.google.android.gms:play-services-basement-license:11.8.0] AndroidManifest.xml:5:5-20
MERGED from [com.google.firebase:firebase-iid-license:11.8.0] AndroidManifest.xml:5:5-20
MERGED from [com.google.firebase:firebase-iid-license:11.8.0] AndroidManifest.xml:5:5-20
MERGED from [com.google.firebase:firebase-common-license:11.8.0] AndroidManifest.xml:5:5-20
MERGED from [com.google.firebase:firebase-common-license:11.8.0] AndroidManifest.xml:5:5-20
MERGED from [com.google.firebase:firebase-analytics-license:11.8.0] AndroidManifest.xml:5:5-20
MERGED from [com.google.firebase:firebase-analytics-license:11.8.0] AndroidManifest.xml:5:5-20
MERGED from [com.google.android.gms:play-services-base-license:11.8.0] AndroidManifest.xml:5:5-20
MERGED from [com.google.android.gms:play-services-base-license:11.8.0] AndroidManifest.xml:5:5-20
MERGED from [com.google.android.gms:play-services-tasks-license:11.8.0] AndroidManifest.xml:5:5-20
MERGED from [com.google.android.gms:play-services-tasks-license:11.8.0] AndroidManifest.xml:5:5-20
MERGED from [com.google.android.gms:play-services-analytics-impl-license:11.8.0] AndroidManifest.xml:5:5-20
MERGED from [com.google.android.gms:play-services-analytics-impl-license:11.8.0] AndroidManifest.xml:5:5-20
MERGED from [com.google.android.gms:play-services-tagmanager-api-license:11.8.0] AndroidManifest.xml:5:5-20
MERGED from [com.google.android.gms:play-services-tagmanager-api-license:11.8.0] AndroidManifest.xml:5:5-20
MERGED from [com.android.support:support-fragment:25.2.0] AndroidManifest.xml:25:5-20
MERGED from [com.android.support:support-fragment:25.2.0] AndroidManifest.xml:25:5-20
MERGED from [com.android.support:support-media-compat:25.2.0] AndroidManifest.xml:25:5-20
MERGED from [com.android.support:support-media-compat:25.2.0] AndroidManifest.xml:25:5-20
MERGED from [com.android.support:support-core-utils:25.2.0] AndroidManifest.xml:25:5-20
MERGED from [com.android.support:support-core-utils:25.2.0] AndroidManifest.xml:25:5-20
MERGED from [com.android.support:support-core-ui:25.2.0] AndroidManifest.xml:25:5-20
MERGED from [com.android.support:support-core-ui:25.2.0] AndroidManifest.xml:25:5-20
MERGED from [com.android.support:support-compat:25.2.0] AndroidManifest.xml:25:5-20
MERGED from [com.android.support:support-compat:25.2.0] AndroidManifest.xml:25:5-20
MERGED from [com.google.firebase:firebase-analytics-impl-license:11.8.0] AndroidManifest.xml:5:5-20
MERGED from [com.google.firebase:firebase-analytics-impl-license:11.8.0] AndroidManifest.xml:5:5-20
	android:supportsRtl
		ADDED from src\main\AndroidManifest.xml:5:114-140
	android:label
		ADDED from src\main\AndroidManifest.xml:5:81-113
	android:hardwareAccelerated
		ADDED from src\main\AndroidManifest.xml:5:18-52
	android:icon
		ADDED from src\main\AndroidManifest.xml:5:53-80
activity#io.ionic.fastrecruiting.MainActivity
ADDED from src\main\AndroidManifest.xml:6:9-11:20
	android:label
		ADDED from src\main\AndroidManifest.xml:6:97-134
	android:launchMode
		ADDED from src\main\AndroidManifest.xml:6:135-165
	android:windowSoftInputMode
		ADDED from src\main\AndroidManifest.xml:6:257-299
	android:configChanges
		ADDED from src\main\AndroidManifest.xml:6:19-96
	android:theme
		ADDED from src\main\AndroidManifest.xml:6:194-256
	android:name
		ADDED from src\main\AndroidManifest.xml:6:166-193
intent-filter#android.intent.action.MAIN+android.intent.category.LAUNCHER
ADDED from src\main\AndroidManifest.xml:7:13-10:29
	android:label
		ADDED from src\main\AndroidManifest.xml:7:28-65
action#android.intent.action.MAIN
ADDED from src\main\AndroidManifest.xml:8:17-69
	android:name
		ADDED from src\main\AndroidManifest.xml:8:25-66
category#android.intent.category.LAUNCHER
ADDED from src\main\AndroidManifest.xml:9:17-77
	android:name
		ADDED from src\main\AndroidManifest.xml:9:27-74
service#com.google.android.gms.measurement.AppMeasurementService
ADDED from src\main\AndroidManifest.xml:12:9-140
MERGED from [com.google.firebase:firebase-analytics:11.8.0] AndroidManifest.xml:43:9-46:40
MERGED from [com.google.firebase:firebase-analytics:11.8.0] AndroidManifest.xml:43:9-46:40
MERGED from [com.google.firebase:firebase-analytics-impl:11.8.0] AndroidManifest.xml:34:9-37:40
MERGED from [com.google.firebase:firebase-analytics-impl:11.8.0] AndroidManifest.xml:34:9-37:40
	android:enabled
		ADDED from src\main\AndroidManifest.xml:12:18-40
	android:exported
		ADDED from src\main\AndroidManifest.xml:12:41-65
	android:name
		ADDED from src\main\AndroidManifest.xml:12:66-137
service#org.apache.cordova.firebase.FirebasePluginMessagingService
ADDED from src\main\AndroidManifest.xml:13:9-17:19
	android:name
		ADDED from src\main\AndroidManifest.xml:13:18-91
intent-filter#com.google.firebase.MESSAGING_EVENT
ADDED from src\main\AndroidManifest.xml:14:13-16:29
action#com.google.firebase.MESSAGING_EVENT
ADDED from src\main\AndroidManifest.xml:15:17-78
	android:name
		ADDED from src\main\AndroidManifest.xml:15:25-75
service#org.apache.cordova.firebase.FirebasePluginInstanceIDService
ADDED from src\main\AndroidManifest.xml:18:9-22:19
	android:name
		ADDED from src\main\AndroidManifest.xml:18:18-92
intent-filter#com.google.firebase.INSTANCE_ID_EVENT
ADDED from src\main\AndroidManifest.xml:19:13-21:29
action#com.google.firebase.INSTANCE_ID_EVENT
ADDED from src\main\AndroidManifest.xml:20:17-80
	android:name
		ADDED from src\main\AndroidManifest.xml:20:25-77
receiver#org.apache.cordova.firebase.OnNotificationOpenReceiver
ADDED from src\main\AndroidManifest.xml:23:9-91
	android:name
		ADDED from src\main\AndroidManifest.xml:23:19-88
meta-data#com.google.android.geo.API_KEY
ADDED from src\main\AndroidManifest.xml:24:9-113
	android:value
		ADDED from src\main\AndroidManifest.xml:24:66-110
	android:name
		ADDED from src\main\AndroidManifest.xml:24:20-65
meta-data#com.google.android.gms.version
ADDED from src\main\AndroidManifest.xml:25:9-122
MERGED from [com.google.android.gms:play-services-basement:11.8.0] AndroidManifest.xml:23:9-25:69
MERGED from [com.google.android.gms:play-services-basement:11.8.0] AndroidManifest.xml:23:9-25:69
	android:value
		ADDED from src\main\AndroidManifest.xml:25:66-119
	android:name
		ADDED from src\main\AndroidManifest.xml:25:20-65
uses-sdk
ADDED from src\main\AndroidManifest.xml:27:5-74
MERGED from [me.leolin:ShortcutBadger:1.1.4] AndroidManifest.xml:7:5-9:41
MERGED from [me.leolin:ShortcutBadger:1.1.4] AndroidManifest.xml:7:5-9:41
MERGED from [com.google.firebase:firebase-crash:11.8.0] AndroidManifest.xml:20:5-44
MERGED from [com.google.firebase:firebase-crash:11.8.0] AndroidManifest.xml:20:5-44
MERGED from [com.google.firebase:firebase-auth:11.8.0] AndroidManifest.xml:20:5-44
MERGED from [com.google.firebase:firebase-auth:11.8.0] AndroidManifest.xml:20:5-44
MERGED from [com.google.android.gms:play-services-tagmanager:11.8.0] AndroidManifest.xml:20:5-44
MERGED from [com.google.android.gms:play-services-tagmanager:11.8.0] AndroidManifest.xml:20:5-44
MERGED from [com.google.firebase:firebase-core:11.8.0] AndroidManifest.xml:4:5-43
MERGED from [com.google.firebase:firebase-core:11.8.0] AndroidManifest.xml:4:5-43
MERGED from [com.google.firebase:firebase-messaging:11.8.0] AndroidManifest.xml:20:5-44
MERGED from [com.google.firebase:firebase-messaging:11.8.0] AndroidManifest.xml:20:5-44
MERGED from [com.google.firebase:firebase-config:11.8.0] AndroidManifest.xml:20:5-44
MERGED from [com.google.firebase:firebase-config:11.8.0] AndroidManifest.xml:20:5-44
MERGED from [com.google.android.gms:play-services-maps:11.8.0] AndroidManifest.xml:20:5-44
MERGED from [com.google.android.gms:play-services-maps:11.8.0] AndroidManifest.xml:20:5-44
MERGED from [com.google.android.gms:play-services-location:11.8.0] AndroidManifest.xml:5:5-44
MERGED from [com.google.android.gms:play-services-location:11.8.0] AndroidManifest.xml:5:5-44
MERGED from [:CordovaLib] AndroidManifest.xml:25:5-44
MERGED from [:CordovaLib] AndroidManifest.xml:25:5-44
MERGED from [com.google.android.gms:play-services-tagmanager-api:11.8.0] AndroidManifest.xml:20:5-44
MERGED from [com.google.android.gms:play-services-tagmanager-api:11.8.0] AndroidManifest.xml:20:5-44
MERGED from [com.google.firebase:firebase-analytics:11.8.0] AndroidManifest.xml:20:5-44
MERGED from [com.google.firebase:firebase-analytics:11.8.0] AndroidManifest.xml:20:5-44
MERGED from [com.google.firebase:firebase-analytics-impl:11.8.0] AndroidManifest.xml:20:5-44
MERGED from [com.google.firebase:firebase-analytics-impl:11.8.0] AndroidManifest.xml:20:5-44
MERGED from [com.google.firebase:firebase-iid:11.8.0] AndroidManifest.xml:20:5-44
MERGED from [com.google.firebase:firebase-iid:11.8.0] AndroidManifest.xml:20:5-44
MERGED from [com.google.firebase:firebase-common:11.8.0] AndroidManifest.xml:5:5-44
MERGED from [com.google.firebase:firebase-common:11.8.0] AndroidManifest.xml:5:5-44
MERGED from [com.google.android.gms:play-services-analytics-impl:11.8.0] AndroidManifest.xml:20:5-44
MERGED from [com.google.android.gms:play-services-analytics-impl:11.8.0] AndroidManifest.xml:20:5-44
MERGED from [com.google.android.gms:play-services-base:11.8.0] AndroidManifest.xml:20:5-44
MERGED from [com.google.android.gms:play-services-base:11.8.0] AndroidManifest.xml:20:5-44
MERGED from [com.google.android.gms:play-services-tasks:11.8.0] AndroidManifest.xml:5:5-44
MERGED from [com.google.android.gms:play-services-tasks:11.8.0] AndroidManifest.xml:5:5-44
MERGED from [com.google.android.gms:play-services-basement:11.8.0] AndroidManifest.xml:20:5-44
MERGED from [com.google.android.gms:play-services-basement:11.8.0] AndroidManifest.xml:20:5-44
MERGED from [com.google.firebase:firebase-crash-license:11.8.0] AndroidManifest.xml:4:5-43
MERGED from [com.google.firebase:firebase-crash-license:11.8.0] AndroidManifest.xml:4:5-43
MERGED from [com.google.firebase:firebase-auth-license:11.8.0] AndroidManifest.xml:4:5-43
MERGED from [com.google.firebase:firebase-auth-license:11.8.0] AndroidManifest.xml:4:5-43
MERGED from [com.google.android.gms:play-services-tagmanager-license:11.8.0] AndroidManifest.xml:4:5-43
MERGED from [com.google.android.gms:play-services-tagmanager-license:11.8.0] AndroidManifest.xml:4:5-43
MERGED from [com.google.firebase:firebase-messaging-license:11.8.0] AndroidManifest.xml:4:5-43
MERGED from [com.google.firebase:firebase-messaging-license:11.8.0] AndroidManifest.xml:4:5-43
MERGED from [com.google.firebase:firebase-config-license:11.8.0] AndroidManifest.xml:4:5-43
MERGED from [com.google.firebase:firebase-config-license:11.8.0] AndroidManifest.xml:4:5-43
MERGED from [com.google.android.gms:play-services-maps-license:11.8.0] AndroidManifest.xml:4:5-43
MERGED from [com.google.android.gms:play-services-maps-license:11.8.0] AndroidManifest.xml:4:5-43
MERGED from [com.google.android.gms:play-services-location-license:11.8.0] AndroidManifest.xml:4:5-43
MERGED from [com.google.android.gms:play-services-location-license:11.8.0] AndroidManifest.xml:4:5-43
MERGED from [com.android.support:support-v4:25.2.0] AndroidManifest.xml:21:5-23:54
MERGED from [com.android.support:support-v4:25.2.0] AndroidManifest.xml:21:5-23:54
MERGED from [com.google.android.gms:play-services-basement-license:11.8.0] AndroidManifest.xml:4:5-43
MERGED from [com.google.android.gms:play-services-basement-license:11.8.0] AndroidManifest.xml:4:5-43
MERGED from [com.google.firebase:firebase-iid-license:11.8.0] AndroidManifest.xml:4:5-43
MERGED from [com.google.firebase:firebase-iid-license:11.8.0] AndroidManifest.xml:4:5-43
MERGED from [com.google.firebase:firebase-common-license:11.8.0] AndroidManifest.xml:4:5-43
MERGED from [com.google.firebase:firebase-common-license:11.8.0] AndroidManifest.xml:4:5-43
MERGED from [com.google.firebase:firebase-analytics-license:11.8.0] AndroidManifest.xml:4:5-43
MERGED from [com.google.firebase:firebase-analytics-license:11.8.0] AndroidManifest.xml:4:5-43
MERGED from [com.google.android.gms:play-services-base-license:11.8.0] AndroidManifest.xml:4:5-43
MERGED from [com.google.android.gms:play-services-base-license:11.8.0] AndroidManifest.xml:4:5-43
MERGED from [com.google.android.gms:play-services-tasks-license:11.8.0] AndroidManifest.xml:4:5-43
MERGED from [com.google.android.gms:play-services-tasks-license:11.8.0] AndroidManifest.xml:4:5-43
MERGED from [com.google.android.gms:play-services-analytics-impl-license:11.8.0] AndroidManifest.xml:4:5-43
MERGED from [com.google.android.gms:play-services-analytics-impl-license:11.8.0] AndroidManifest.xml:4:5-43
MERGED from [com.google.android.gms:play-services-tagmanager-api-license:11.8.0] AndroidManifest.xml:4:5-43
MERGED from [com.google.android.gms:play-services-tagmanager-api-license:11.8.0] AndroidManifest.xml:4:5-43
MERGED from [com.android.support:support-fragment:25.2.0] AndroidManifest.xml:21:5-23:60
MERGED from [com.android.support:support-fragment:25.2.0] AndroidManifest.xml:21:5-23:60
MERGED from [com.android.support:support-media-compat:25.2.0] AndroidManifest.xml:21:5-23:63
MERGED from [com.android.support:support-media-compat:25.2.0] AndroidManifest.xml:21:5-23:63
MERGED from [com.android.support:support-core-utils:25.2.0] AndroidManifest.xml:21:5-23:61
MERGED from [com.android.support:support-core-utils:25.2.0] AndroidManifest.xml:21:5-23:61
MERGED from [com.android.support:support-core-ui:25.2.0] AndroidManifest.xml:21:5-23:58
MERGED from [com.android.support:support-core-ui:25.2.0] AndroidManifest.xml:21:5-23:58
MERGED from [com.android.support:support-compat:25.2.0] AndroidManifest.xml:21:5-23:58
MERGED from [com.android.support:support-compat:25.2.0] AndroidManifest.xml:21:5-23:58
MERGED from [com.google.firebase:firebase-analytics-impl-license:11.8.0] AndroidManifest.xml:4:5-43
MERGED from [com.google.firebase:firebase-analytics-impl-license:11.8.0] AndroidManifest.xml:4:5-43
	tools:overrideLibrary
		ADDED from [com.android.support:support-v4:25.2.0] AndroidManifest.xml:23:9-51
	android:targetSdkVersion
		ADDED from src\main\AndroidManifest.xml:27:42-71
	android:minSdkVersion
		ADDED from src\main\AndroidManifest.xml:27:15-41
uses-permission#android.permission.ACCESS_NETWORK_STATE
ADDED from src\main\AndroidManifest.xml:28:5-79
MERGED from [com.google.android.gms:play-services-maps:11.8.0] AndroidManifest.xml:23:5-79
MERGED from [com.google.android.gms:play-services-maps:11.8.0] AndroidManifest.xml:23:5-79
MERGED from [com.google.android.gms:play-services-tagmanager-api:11.8.0] AndroidManifest.xml:24:5-79
MERGED from [com.google.android.gms:play-services-tagmanager-api:11.8.0] AndroidManifest.xml:24:5-79
MERGED from [com.google.firebase:firebase-analytics:11.8.0] AndroidManifest.xml:24:5-79
MERGED from [com.google.firebase:firebase-analytics:11.8.0] AndroidManifest.xml:24:5-79
MERGED from [com.google.firebase:firebase-analytics-impl:11.8.0] AndroidManifest.xml:24:5-79
MERGED from [com.google.firebase:firebase-analytics-impl:11.8.0] AndroidManifest.xml:24:5-79
MERGED from [com.google.firebase:firebase-iid:11.8.0] AndroidManifest.xml:22:5-79
MERGED from [com.google.firebase:firebase-iid:11.8.0] AndroidManifest.xml:22:5-79
MERGED from [com.google.android.gms:play-services-analytics-impl:11.8.0] AndroidManifest.xml:24:5-79
MERGED from [com.google.android.gms:play-services-analytics-impl:11.8.0] AndroidManifest.xml:24:5-79
	android:name
		ADDED from src\main\AndroidManifest.xml:28:22-76
uses-permission#android.permission.WAKE_LOCK
ADDED from src\main\AndroidManifest.xml:29:5-68
MERGED from [com.google.firebase:firebase-analytics:11.8.0] AndroidManifest.xml:25:5-68
MERGED from [com.google.firebase:firebase-analytics:11.8.0] AndroidManifest.xml:25:5-68
MERGED from [com.google.firebase:firebase-analytics-impl:11.8.0] AndroidManifest.xml:25:5-68
MERGED from [com.google.firebase:firebase-analytics-impl:11.8.0] AndroidManifest.xml:25:5-68
MERGED from [com.google.firebase:firebase-iid:11.8.0] AndroidManifest.xml:24:5-68
MERGED from [com.google.firebase:firebase-iid:11.8.0] AndroidManifest.xml:24:5-68
MERGED from [com.google.android.gms:play-services-analytics-impl:11.8.0] AndroidManifest.xml:27:5-68
MERGED from [com.google.android.gms:play-services-analytics-impl:11.8.0] AndroidManifest.xml:27:5-68
	android:name
		ADDED from src\main\AndroidManifest.xml:29:22-65
uses-permission#android.permission.ACCESS_COARSE_LOCATION
ADDED from src\main\AndroidManifest.xml:30:5-81
	android:name
		ADDED from src\main\AndroidManifest.xml:30:22-78
uses-permission#android.permission.ACCESS_FINE_LOCATION
ADDED from src\main\AndroidManifest.xml:31:5-79
	android:name
		ADDED from src\main\AndroidManifest.xml:31:22-76
uses-feature#0x00020000
ADDED from src\main\AndroidManifest.xml:32:5-78
MERGED from [com.google.android.gms:play-services-maps:11.8.0] AndroidManifest.xml:26:5-28:35
MERGED from [com.google.android.gms:play-services-maps:11.8.0] AndroidManifest.xml:26:5-28:35
	android:glEsVersion
		ADDED from src\main\AndroidManifest.xml:32:19-51
	android:required
		ADDED from src\main\AndroidManifest.xml:32:52-75
uses-feature#android.hardware.location
ADDED from src\main\AndroidManifest.xml:33:5-62
	android:name
		ADDED from src\main\AndroidManifest.xml:33:19-59
uses-feature#android.hardware.location.gps
ADDED from src\main\AndroidManifest.xml:34:5-66
	android:name
		ADDED from src\main\AndroidManifest.xml:34:19-63
uses-permission#com.sec.android.provider.badge.permission.READ
ADDED from [me.leolin:ShortcutBadger:1.1.4] AndroidManifest.xml:19:5-86
	android:name
		ADDED from [me.leolin:ShortcutBadger:1.1.4] AndroidManifest.xml:19:22-83
uses-permission#com.sec.android.provider.badge.permission.WRITE
ADDED from [me.leolin:ShortcutBadger:1.1.4] AndroidManifest.xml:20:5-87
	android:name
		ADDED from [me.leolin:ShortcutBadger:1.1.4] AndroidManifest.xml:20:22-84
uses-permission#com.htc.launcher.permission.READ_SETTINGS
ADDED from [me.leolin:ShortcutBadger:1.1.4] AndroidManifest.xml:23:5-81
	android:name
		ADDED from [me.leolin:ShortcutBadger:1.1.4] AndroidManifest.xml:23:22-78
uses-permission#com.htc.launcher.permission.UPDATE_SHORTCUT
ADDED from [me.leolin:ShortcutBadger:1.1.4] AndroidManifest.xml:24:5-83
	android:name
		ADDED from [me.leolin:ShortcutBadger:1.1.4] AndroidManifest.xml:24:22-80
uses-permission#com.sonyericsson.home.permission.BROADCAST_BADGE
ADDED from [me.leolin:ShortcutBadger:1.1.4] AndroidManifest.xml:27:5-88
	android:name
		ADDED from [me.leolin:ShortcutBadger:1.1.4] AndroidManifest.xml:27:22-85
uses-permission#com.anddoes.launcher.permission.UPDATE_COUNT
ADDED from [me.leolin:ShortcutBadger:1.1.4] AndroidManifest.xml:30:5-84
	android:name
		ADDED from [me.leolin:ShortcutBadger:1.1.4] AndroidManifest.xml:30:22-81